<?xml version="1.0" encoding="UTF-8"?>
<testng-results ignored="0" total="1" passed="1" failed="0" skipped="0">
  <reporter-output>
  </reporter-output>
  <suite started-at="2026-05-23T11:10:07 IST" name="Surefire suite" finished-at="2026-05-23T11:10:59 IST" duration-ms="51519">
    <groups>
    </groups>
    <test started-at="2026-05-23T11:10:07 IST" name="Surefire test" finished-at="2026-05-23T11:10:59 IST" duration-ms="51519">
      <class name="Test.FirstTest">
        <test-method is-config="true" signature="setup()[pri:0, instance:Test.FirstTest@65d6b83b]" started-at="2026-05-23T11:10:07 IST" name="setup" finished-at="2026-05-23T11:10:24 IST" duration-ms="17007" status="PASS">
          <reporter-output>
          </reporter-output>
        </test-method> <!-- setup -->
        <test-method signature="verifyTitle()[pri:0, instance:Test.FirstTest@65d6b83b]" started-at="2026-05-23T11:10:24 IST" name="verifyTitle" finished-at="2026-05-23T11:10:58 IST" duration-ms="33923" status="PASS">
          <reporter-output>
          </reporter-output>
        </test-method> <!-- verifyTitle -->
        <test-method is-config="true" signature="tearDown()[pri:0, instance:Test.FirstTest@65d6b83b]" started-at="2026-05-23T11:10:58 IST" name="tearDown" finished-at="2026-05-23T11:10:59 IST" duration-ms="525" status="PASS">
          <reporter-output>
          </reporter-output>
        </test-method> <!-- tearDown -->
      </class> <!-- Test.FirstTest -->
    </test> <!-- Surefire test -->
  </suite> <!-- Surefire suite -->
</testng-results>
