<?xml version="1.0" encoding="UTF-8"?>
<testng-results ignored="0" total="1" passed="1" failed="0" skipped="0">
  <reporter-output>
  </reporter-output>
  <suite started-at="2026-05-23T12:56:00 IST" name="Default suite" finished-at="2026-05-23T12:56:51 IST" duration-ms="51684">
    <groups>
    </groups>
    <test started-at="2026-05-23T12:56:00 IST" name="Default test" finished-at="2026-05-23T12:56:51 IST" duration-ms="51684">
      <class name="Test.LoginTest">
        <test-method is-config="true" signature="setup()[pri:0, instance:Test.LoginTest@34e9fd99]" started-at="2026-05-23T12:56:00 IST" name="setup" finished-at="2026-05-23T12:56:15 IST" duration-ms="14968" status="PASS">
          <reporter-output>
          </reporter-output>
        </test-method> <!-- setup -->
        <test-method signature="test()[pri:0, instance:Test.LoginTest@34e9fd99]" started-at="2026-05-23T12:56:15 IST" name="test" finished-at="2026-05-23T12:56:51 IST" duration-ms="36215" status="PASS">
          <reporter-output>
          </reporter-output>
        </test-method> <!-- test -->
        <test-method is-config="true" signature="tearDown()[pri:0, instance:Test.LoginTest@34e9fd99]" started-at="2026-05-23T12:56:51 IST" name="tearDown" finished-at="2026-05-23T12:56:51 IST" duration-ms="433" status="PASS">
          <reporter-output>
          </reporter-output>
        </test-method> <!-- tearDown -->
      </class> <!-- Test.LoginTest -->
    </test> <!-- Default test -->
  </suite> <!-- Default suite -->
</testng-results>
