<?xml version="1.0" encoding="UTF-8"?>
<!-- Generated by org.testng.reporters.JUnitReportReporter -->
<testsuite hostname="DESKTOP-C0RFD1Q" failures="0" tests="1" name="Test.LoginTest2" time="39.087" errors="1" timestamp="2026-05-23T12:55:55 IST" skipped="0">
  <testcase classname="Test.LoginTest2" name="test" time="39.087">
    <error message="Error {
  message=&#039;Target page, context or browser has been closed
  name=&#039;TargetClosedError
  stack=&#039;TargetClosedError: Target page, context or browser has been closed
    at PageDispatcher._dispose (C:\Users\Admin\AppData\Local\Temp\playwright-java-3700706701929707220\package\lib\server\dispatchers\dispatcher.js:105:30)
    at Page.&lt;anonymous&gt; (C:\Users\Admin\AppData\Local\Temp\playwright-java-3700706701929707220\package\lib\server\dispatchers\pageDispatcher.js:75:12)
    at Page.emit (node:events:508:28)
    at Page._didClose (C:\Users\Admin\AppData\Local\Temp\playwright-java-3700706701929707220\package\lib\server\page.js:169:10)
    at CRPage.didClose (C:\Users\Admin\AppData\Local\Temp\playwright-java-3700706701929707220\package\lib\server\chromium\crPage.js:127:16)
    at CRBrowser._onDetachedFromTarget (C:\Users\Admin\AppData\Local\Temp\playwright-java-3700706701929707220\package\lib\server\chromium\crBrowser.js:187:14)
    at CRSession.emit (node:events:508:28)
    at C:\Users\Admin\AppData\Local\Temp\playwright-java-3700706701929707220\package\lib\server\chromium\crConnection.js:133:14
}
Call log:
-   - waiting for locator(&quot;input[name=&#039;username&#039;]&quot;)
" type="com.microsoft.playwright.impl.TargetClosedError">
      <![CDATA[com.microsoft.playwright.impl.TargetClosedError: Error {
  message='Target page, context or browser has been closed
  name='TargetClosedError
  stack='TargetClosedError: Target page, context or browser has been closed
    at PageDispatcher._dispose (C:\Users\Admin\AppData\Local\Temp\playwright-java-3700706701929707220\package\lib\server\dispatchers\dispatcher.js:105:30)
    at Page.<anonymous> (C:\Users\Admin\AppData\Local\Temp\playwright-java-3700706701929707220\package\lib\server\dispatchers\pageDispatcher.js:75:12)
    at Page.emit (node:events:508:28)
    at Page._didClose (C:\Users\Admin\AppData\Local\Temp\playwright-java-3700706701929707220\package\lib\server\page.js:169:10)
    at CRPage.didClose (C:\Users\Admin\AppData\Local\Temp\playwright-java-3700706701929707220\package\lib\server\chromium\crPage.js:127:16)
    at CRBrowser._onDetachedFromTarget (C:\Users\Admin\AppData\Local\Temp\playwright-java-3700706701929707220\package\lib\server\chromium\crBrowser.js:187:14)
    at CRSession.emit (node:events:508:28)
    at C:\Users\Admin\AppData\Local\Temp\playwright-java-3700706701929707220\package\lib\server\chromium\crConnection.js:133:14
}
Call log:
-   - waiting for locator("input[name='username']")

at com.microsoft.playwright.impl.WaitableResult.get(WaitableResult.java:54)
at com.microsoft.playwright.impl.ChannelOwner.runUntil(ChannelOwner.java:138)
at com.microsoft.playwright.impl.Connection.sendMessage(Connection.java:131)
at com.microsoft.playwright.impl.ChannelOwner.sendMessage(ChannelOwner.java:124)
at com.microsoft.playwright.impl.FrameImpl.fill(FrameImpl.java:310)
at com.microsoft.playwright.impl.PageImpl.fill(PageImpl.java:785)
at com.microsoft.playwright.Page.fill(Page.java:4810)
at Pages.LoginPage.addusername(LoginPage.java:18)
at Test.LoginTest2.test(LoginTest2.java:16)
at java.base/jdk.internal.reflect.DirectMethodHandleAccessor.invoke(DirectMethodHandleAccessor.java:103)
at java.base/java.lang.reflect.Method.invoke(Method.java:580)
at org.testng.internal.invokers.MethodInvocationHelper.invokeMethod(MethodInvocationHelper.java:141)
at org.testng.internal.invokers.TestInvoker.invokeMethod(TestInvoker.java:687)
at org.testng.internal.invokers.TestInvoker.invokeTestMethod(TestInvoker.java:230)
at org.testng.internal.invokers.MethodRunner.runInSequence(MethodRunner.java:63)
at org.testng.internal.invokers.TestInvoker$MethodInvocationAgent.invoke(TestInvoker.java:995)
at org.testng.internal.invokers.TestInvoker.invokeTestMethods(TestInvoker.java:203)
at org.testng.internal.invokers.TestMethodWorker.invokeTestMethods(TestMethodWorker.java:154)
at org.testng.internal.invokers.TestMethodWorker.run(TestMethodWorker.java:134)
at java.base/java.util.ArrayList.forEach(ArrayList.java:1597)
at org.testng.TestRunner.privateRun(TestRunner.java:741)
at org.testng.TestRunner.run(TestRunner.java:616)
at org.testng.SuiteRunner.runTest(SuiteRunner.java:421)
at org.testng.SuiteRunner.runSequentially(SuiteRunner.java:413)
at org.testng.SuiteRunner.privateRun(SuiteRunner.java:373)
at org.testng.SuiteRunner.run(SuiteRunner.java:312)
at org.testng.SuiteRunnerWorker.runSuite(SuiteRunnerWorker.java:52)
at org.testng.SuiteRunnerWorker.run(SuiteRunnerWorker.java:95)
at org.testng.TestNG.runSuitesSequentially(TestNG.java:1274)
at org.testng.TestNG.runSuitesLocally(TestNG.java:1208)
at org.testng.TestNG.runSuites(TestNG.java:1112)
at org.testng.TestNG.run(TestNG.java:1079)
at org.testng.remote.AbstractRemoteTestNG.run(AbstractRemoteTestNG.java:115)
at org.testng.remote.RemoteTestNG.initAndRun(RemoteTestNG.java:293)
at org.testng.remote.RemoteTestNG.main(RemoteTestNG.java:91)
Caused by: com.microsoft.playwright.impl.TargetClosedError: Error {
  message='Target page, context or browser has been closed
  name='TargetClosedError
  stack='TargetClosedError: Target page, context or browser has been closed
    at PageDispatcher._dispose (C:\Users\Admin\AppData\Local\Temp\playwright-java-3700706701929707220\package\lib\server\dispatchers\dispatcher.js:105:30)
    at Page.<anonymous> (C:\Users\Admin\AppData\Local\Temp\playwright-java-3700706701929707220\package\lib\server\dispatchers\pageDispatcher.js:75:12)
    at Page.emit (node:events:508:28)
    at Page._didClose (C:\Users\Admin\AppData\Local\Temp\playwright-java-3700706701929707220\package\lib\server\page.js:169:10)
    at CRPage.didClose (C:\Users\Admin\AppData\Local\Temp\playwright-java-3700706701929707220\package\lib\server\chromium\crPage.js:127:16)
    at CRBrowser._onDetachedFromTarget (C:\Users\Admin\AppData\Local\Temp\playwright-java-3700706701929707220\package\lib\server\chromium\crBrowser.js:187:14)
    at CRSession.emit (node:events:508:28)
    at C:\Users\Admin\AppData\Local\Temp\playwright-java-3700706701929707220\package\lib\server\chromium\crConnection.js:133:14
}
Call log:
-   - waiting for locator("input[name='username']")

at com.microsoft.playwright.impl.Connection.dispatch(Connection.java:259)
at com.microsoft.playwright.impl.Connection.processOneMessage(Connection.java:214)
at com.microsoft.playwright.impl.ChannelOwner.runUntil(ChannelOwner.java:136)
... 33 more
]]>
    </error>
  </testcase> <!-- test -->
</testsuite> <!-- Test.LoginTest2 -->
